#
# There is insufficient memory for the Java Runtime Environment to continue.
# Native memory allocation (malloc) failed to allocate 2088080 bytes. Error detail: Chunk::new
# Possible reasons:
#   The system is out of physical RAM or swap space
#   This process is running with CompressedOops enabled, and the Java Heap may be blocking the growth of the native heap
# Possible solutions:
#   Reduce memory load on the system
#   Increase physical memory or swap space
#   Check if swap backing store is full
#   Decrease Java heap size (-Xmx/-Xms)
#   Decrease number of Java threads
#   Decrease Java thread stack sizes (-Xss)
#   Set larger code cache with -XX:ReservedCodeCacheSize=
#   JVM is running with Unscaled Compressed Oops mode in which the Java heap is
#     placed in the first 4GB address space. The Java Heap base address is the
#     maximum limit for the native heap growth. Please use -XX:HeapBaseMinAddress
#     to set the Java Heap base and to place the Java Heap above 4GB virtual address.
# This output file may be truncated or incomplete.
#
#  Out of Memory Error (arena.cpp:168), pid=2180, tid=20192
#
# JRE version: OpenJDK Runtime Environment Temurin-21.0.10+7 (21.0.10+7) (build 21.0.10+7-LTS)
# Java VM: OpenJDK 64-Bit Server VM Temurin-21.0.10+7 (21.0.10+7-LTS, mixed mode, sharing, tiered, compressed oops, compressed class ptrs, parallel gc, windows-amd64)
# No core dump will be written. Minidumps are not enabled by default on client versions of Windows
#

---------------  S U M M A R Y ------------

Command Line: --add-modules=ALL-SYSTEM --add-opens=java.base/java.util=ALL-UNNAMED --add-opens=java.base/java.lang=ALL-UNNAMED --add-opens=java.base/sun.nio.fs=ALL-UNNAMED -Declipse.application=org.eclipse.jdt.ls.core.id1 -Dosgi.bundles.defaultStartLevel=4 -Declipse.product=org.eclipse.jdt.ls.core.product -Djava.import.generatesMetadataFilesAtProjectRoot=false -DDetectVMInstallationsJob.disabled=true -Dfile.encoding=utf8 -XX:+UseParallelGC -XX:GCTimeRatio=4 -XX:AdaptiveSizePolicyWeight=90 -Dsun.zip.disableMemoryMapping=true -Xmx2G -Xms100m -Xlog:disable -javaagent:c:\Users\abhis\.antigravity\extensions\redhat.java-1.54.0-win32-x64\lombok\lombok-1.18.39-4050.jar -XX:+HeapDumpOnOutOfMemoryError -XX:HeapDumpPath=c:\Users\abhis\AppData\Roaming\Antigravity\User\workspaceStorage\0e0c30692e2e3a5435a32849b053a86d\redhat.java -Daether.dependencyCollector.impl=bf c:\Users\abhis\.antigravity\extensions\redhat.java-1.54.0-win32-x64\server\plugins\org.eclipse.equinox.launcher_1.7.100.v20251111-0406.jar -configuration c:\Users\abhis\AppData\Roaming\Antigravity\User\globalStorage\redhat.java\1.54.0\config_win -data c:\Users\abhis\AppData\Roaming\Antigravity\User\workspaceStorage\0e0c30692e2e3a5435a32849b053a86d\redhat.java\jdt_ws --pipe=\\.\pipe\lsp-281d51b43252531e36d95a8693bfe6bf-sock

Host: AMD Ryzen 3 7320U with Radeon Graphics         , 8 cores, 7G,  Windows 11 , 64 bit Build 26100 (10.0.26100.8246)
Time: Tue May  5 18:04:39 2026 India Standard Time elapsed time: 14.842172 seconds (0d 0h 0m 14s)

---------------  T H R E A D  ---------------

Current thread (0x000001611d58a240):  JavaThread "C2 CompilerThread0" daemon [_thread_in_native, id=20192, stack(0x00000037e6900000,0x00000037e6a00000) (1024K)]


Current CompileTask:
C2:14842 9120   !   4       org.eclipse.jdt.internal.core.search.indexing.BinaryIndexer::indexDocument (1172 bytes)

Stack: [0x00000037e6900000,0x00000037e6a00000]
Native frames: (J=compiled Java code, j=interpreted, Vv=VM code, C=native code)
V  [jvm.dll+0x6d7a39]
V  [jvm.dll+0x8b4b26]
V  [jvm.dll+0x8b70de]
V  [jvm.dll+0x8b77c3]
V  [jvm.dll+0x284346]
V  [jvm.dll+0xc66ed]
V  [jvm.dll+0xc6c31]
V  [jvm.dll+0x3bec3b]
V  [jvm.dll+0x38b162]
V  [jvm.dll+0x38a5aa]
V  [jvm.dll+0x24c560]
V  [jvm.dll+0x24bb40]
V  [jvm.dll+0x1cb34e]
V  [jvm.dll+0x25b85d]
V  [jvm.dll+0x259dea]
V  [jvm.dll+0x3f857e]
V  [jvm.dll+0x85f59d]
V  [jvm.dll+0x6d626d]
C  [ucrtbase.dll+0x37b0]
C  [KERNEL32.DLL+0x2e8d7]
C  [ntdll.dll+0x8c3fc]


---------------  P R O C E S S  ---------------

Threads class SMR info:
_java_thread_list=0x0000016171e9f700, length=61, elements={
0x0000016106daba70, 0x000001611d56c7d0, 0x000001611d56d6f0, 0x000001611d57dab0,
0x000001611d57e9f0, 0x000001611d57fe40, 0x000001611d5852b0, 0x000001611d58a240,
0x000001611d58c820, 0x00000161601f99b0, 0x0000016160393e50, 0x0000016160bf5ee0,
0x00000161604eac00, 0x0000016165080a90, 0x0000016165089420, 0x000001616548a550,
0x00000161655cec50, 0x00000161657df170, 0x00000161655ec5e0, 0x00000161651bc3d0,
0x00000161651b9c70, 0x00000161651bca60, 0x00000161651ba300, 0x00000161659d49d0,
0x0000016165f494b0, 0x00000161659d5d80, 0x00000161659d4340, 0x00000161659d56f0,
0x00000161659d84e0, 0x00000161659d7e50, 0x00000161659d6410, 0x00000161659d77c0,
0x00000161659d6aa0, 0x00000161659d5060, 0x00000161659d9f20, 0x00000161659d8b70,
0x00000161659d9200, 0x00000161659d7130, 0x00000161659d9890, 0x00000161659db2d0,
0x00000161659db960, 0x0000016168302980, 0x00000161682ffb90, 0x00000161683022f0,
0x00000161683036a0, 0x0000016168300f40, 0x0000016168303010, 0x0000016168300220,
0x0000016168301c60, 0x0000016168303d30, 0x00000161683008b0, 0x0000016168305e00,
0x0000016168306490, 0x00000161683071b0, 0x00000161683050e0, 0x0000016168305770,
0x0000016171052a50, 0x0000016171053e00, 0x0000016171053770, 0x00000161710551b0,
0x0000016171054490
}

Java Threads: ( => current thread )
  0x0000016106daba70 JavaThread "main"                              [_thread_blocked, id=11460, stack(0x00000037e5f00000,0x00000037e6000000) (1024K)]
  0x000001611d56c7d0 JavaThread "Reference Handler"          daemon [_thread_blocked, id=23088, stack(0x00000037e6300000,0x00000037e6400000) (1024K)]
  0x000001611d56d6f0 JavaThread "Finalizer"                  daemon [_thread_blocked, id=10752, stack(0x00000037e6400000,0x00000037e6500000) (1024K)]
  0x000001611d57dab0 JavaThread "Signal Dispatcher"          daemon [_thread_blocked, id=19524, stack(0x00000037e6500000,0x00000037e6600000) (1024K)]
  0x000001611d57e9f0 JavaThread "Attach Listener"            daemon [_thread_blocked, id=21176, stack(0x00000037e6600000,0x00000037e6700000) (1024K)]
  0x000001611d57fe40 JavaThread "Service Thread"             daemon [_thread_blocked, id=7984, stack(0x00000037e6700000,0x00000037e6800000) (1024K)]
  0x000001611d5852b0 JavaThread "Monitor Deflation Thread"   daemon [_thread_blocked, id=5768, stack(0x00000037e6800000,0x00000037e6900000) (1024K)]
=>0x000001611d58a240 JavaThread "C2 CompilerThread0"         daemon [_thread_in_native, id=20192, stack(0x00000037e6900000,0x00000037e6a00000) (1024K)]
  0x000001611d58c820 JavaThread "C1 CompilerThread0"         daemon [_thread_blocked, id=848, stack(0x00000037e6a00000,0x00000037e6b00000) (1024K)]
  0x00000161601f99b0 JavaThread "Common-Cleaner"             daemon [_thread_blocked, id=22284, stack(0x00000037e6b00000,0x00000037e6c00000) (1024K)]
  0x0000016160393e50 JavaThread "Notification Thread"        daemon [_thread_blocked, id=9456, stack(0x00000037e6d00000,0x00000037e6e00000) (1024K)]
  0x0000016160bf5ee0 JavaThread "Active Thread: Equinox Container: 811fc1f8-3a08-4c71-93f6-55395d785d87"        [_thread_blocked, id=10656, stack(0x00000037e7500000,0x00000037e7600000) (1024K)]
  0x00000161604eac00 JavaThread "Refresh Thread: Equinox Container: 811fc1f8-3a08-4c71-93f6-55395d785d87" daemon [_thread_blocked, id=11672, stack(0x00000037e7700000,0x00000037e7800000) (1024K)]
  0x0000016165080a90 JavaThread "Framework Event Dispatcher: Equinox Container: 811fc1f8-3a08-4c71-93f6-55395d785d87" daemon [_thread_blocked, id=13504, stack(0x00000037e7800000,0x00000037e7900000) (1024K)]
  0x0000016165089420 JavaThread "Start Level: Equinox Container: 811fc1f8-3a08-4c71-93f6-55395d785d87" daemon [_thread_blocked, id=9540, stack(0x00000037e7900000,0x00000037e7a00000) (1024K)]
  0x000001616548a550 JavaThread "Bundle File Closer"         daemon [_thread_blocked, id=10976, stack(0x00000037e7a00000,0x00000037e7b00000) (1024K)]
  0x00000161655cec50 JavaThread "SCR Component Actor"        daemon [_thread_blocked, id=13556, stack(0x00000037e6c00000,0x00000037e6d00000) (1024K)]
  0x00000161657df170 JavaThread "C2 CompilerThread1"         daemon [_thread_blocked, id=19356, stack(0x00000037e6e00000,0x00000037e6f00000) (1024K)]
  0x00000161655ec5e0 JavaThread "Worker-JM"                         [_thread_blocked, id=20556, stack(0x00000037e7b00000,0x00000037e7c00000) (1024K)]
  0x00000161651bc3d0 JavaThread "JNA Cleaner"                daemon [_thread_blocked, id=21160, stack(0x00000037e7c00000,0x00000037e7d00000) (1024K)]
  0x00000161651b9c70 JavaThread "Worker-0"                          [_thread_blocked, id=792, stack(0x00000037e7d00000,0x00000037e7e00000) (1024K)]
  0x00000161651bca60 JavaThread "Worker-1: Java indexing... "        [_thread_blocked, id=2776, stack(0x00000037e7e00000,0x00000037e7f00000) (1024K)]
  0x00000161651ba300 JavaThread "Worker-2"                          [_thread_blocked, id=4032, stack(0x00000037e7f00000,0x00000037e8000000) (1024K)]
  0x00000161659d49d0 JavaThread "Java indexing"              daemon [_thread_blocked, id=20552, stack(0x00000037e8000000,0x00000037e8100000) (1024K)]
  0x0000016165f494b0 JavaThread "C2 CompilerThread2"         daemon [_thread_blocked, id=13004, stack(0x00000037e8100000,0x00000037e8200000) (1024K)]
  0x00000161659d5d80 JavaThread "Worker-3: Building"                [_thread_blocked, id=4572, stack(0x00000037e8200000,0x00000037e8300000) (1024K)]
  0x00000161659d4340 JavaThread "Worker-4"                          [_thread_blocked, id=8572, stack(0x00000037e8500000,0x00000037e8600000) (1024K)]
  0x00000161659d56f0 JavaThread "Thread-1"                   daemon [_thread_in_native, id=16312, stack(0x00000037e8600000,0x00000037e8700000) (1024K)]
  0x00000161659d84e0 JavaThread "Thread-2"                   daemon [_thread_in_native, id=19848, stack(0x00000037e8700000,0x00000037e8800000) (1024K)]
  0x00000161659d7e50 JavaThread "Thread-3"                   daemon [_thread_in_native, id=22712, stack(0x00000037e8800000,0x00000037e8900000) (1024K)]
  0x00000161659d6410 JavaThread "Thread-4"                   daemon [_thread_in_native, id=19384, stack(0x00000037e8900000,0x00000037e8a00000) (1024K)]
  0x00000161659d77c0 JavaThread "Thread-5"                   daemon [_thread_in_native, id=2892, stack(0x00000037e8a00000,0x00000037e8b00000) (1024K)]
  0x00000161659d6aa0 JavaThread "Thread-6"                   daemon [_thread_in_native, id=5328, stack(0x00000037e8b00000,0x00000037e8c00000) (1024K)]
  0x00000161659d5060 JavaThread "Thread-7"                   daemon [_thread_in_native, id=18852, stack(0x00000037e8c00000,0x00000037e8d00000) (1024K)]
  0x00000161659d9f20 JavaThread "Thread-8"                   daemon [_thread_in_native, id=23416, stack(0x00000037e8d00000,0x00000037e8e00000) (1024K)]
  0x00000161659d8b70 JavaThread "Thread-9"                   daemon [_thread_in_native, id=2484, stack(0x00000037e8e00000,0x00000037e8f00000) (1024K)]
  0x00000161659d9200 JavaThread "pool-2-thread-1"                   [_thread_blocked, id=5320, stack(0x00000037e8f00000,0x00000037e9000000) (1024K)]
  0x00000161659d7130 JavaThread "WorkspaceEventsHandler"            [_thread_blocked, id=21116, stack(0x00000037e9000000,0x00000037e9100000) (1024K)]
  0x00000161659d9890 JavaThread "pool-1-thread-1"                   [_thread_blocked, id=12204, stack(0x00000037e9100000,0x00000037e9200000) (1024K)]
  0x00000161659db2d0 JavaThread "Worker-5"                          [_thread_blocked, id=3408, stack(0x00000037e9200000,0x00000037e9300000) (1024K)]
  0x00000161659db960 JavaThread "LocalFile Deleter"          daemon [_thread_blocked, id=1744, stack(0x00000037e9300000,0x00000037e9400000) (1024K)]
  0x0000016168302980 JavaThread "LocalFile Deleter"          daemon [_thread_blocked, id=15264, stack(0x00000037e9400000,0x00000037e9500000) (1024K)]
  0x00000161682ffb90 JavaThread "LocalFile Deleter"          daemon [_thread_blocked, id=1488, stack(0x00000037e9500000,0x00000037e9600000) (1024K)]
  0x00000161683022f0 JavaThread "LocalFile Deleter"          daemon [_thread_blocked, id=21836, stack(0x00000037e9600000,0x00000037e9700000) (1024K)]
  0x00000161683036a0 JavaThread "LocalFile Deleter"          daemon [_thread_blocked, id=13732, stack(0x00000037e9700000,0x00000037e9800000) (1024K)]
  0x0000016168300f40 JavaThread "LocalFile Deleter"          daemon [_thread_blocked, id=21928, stack(0x00000037e9800000,0x00000037e9900000) (1024K)]
  0x0000016168303010 JavaThread "LocalFile Deleter"          daemon [_thread_blocked, id=11812, stack(0x00000037e9900000,0x00000037e9a00000) (1024K)]
  0x0000016168300220 JavaThread "LocalFile Deleter"          daemon [_thread_blocked, id=17824, stack(0x00000037e9a00000,0x00000037e9b00000) (1024K)]
  0x0000016168301c60 JavaThread "Compiler Source File Reader" daemon [_thread_blocked, id=3504, stack(0x00000037e9b00000,0x00000037e9c00000) (1024K)]
  0x0000016168303d30 JavaThread "Compiler Source File Reader" daemon [_thread_blocked, id=14572, stack(0x00000037e9c00000,0x00000037e9d00000) (1024K)]
  0x00000161683008b0 JavaThread "Compiler Source File Reader" daemon [_thread_blocked, id=4892, stack(0x00000037e9d00000,0x00000037e9e00000) (1024K)]
  0x0000016168305e00 JavaThread "Compiler Source File Reader" daemon [_thread_blocked, id=2940, stack(0x00000037e9e00000,0x00000037e9f00000) (1024K)]
  0x0000016168306490 JavaThread "Compiler Source File Reader" daemon [_thread_blocked, id=9552, stack(0x00000037e9f00000,0x00000037ea000000) (1024K)]
  0x00000161683071b0 JavaThread "Compiler Source File Reader" daemon [_thread_blocked, id=14512, stack(0x00000037ea000000,0x00000037ea100000) (1024K)]
  0x00000161683050e0 JavaThread "Compiler Processing Task"   daemon [_thread_blocked, id=14604, stack(0x00000037ea100000,0x00000037ea200000) (1024K)]
  0x0000016168305770 JavaThread "Compiler Class File Writer" daemon [_thread_blocked, id=18848, stack(0x00000037ea200000,0x00000037ea300000) (1024K)]
  0x0000016171052a50 JavaThread "Compiler Class File Writer" daemon [_thread_blocked, id=22188, stack(0x00000037ea300000,0x00000037ea400000) (1024K)]
  0x0000016171053e00 JavaThread "Compiler Class File Writer" daemon [_thread_blocked, id=22680, stack(0x00000037ea400000,0x00000037ea500000) (1024K)]
  0x0000016171053770 JavaThread "Compiler Class File Writer" daemon [_thread_blocked, id=23428, stack(0x00000037ea500000,0x00000037ea600000) (1024K)]
  0x00000161710551b0 JavaThread "Compiler Class File Writer" daemon [_thread_blocked, id=11088, stack(0x00000037ea600000,0x00000037ea700000) (1024K)]
  0x0000016171054490 JavaThread "Compiler Class File Writer" daemon [_thread_blocked, id=17864, stack(0x00000037ea700000,0x00000037ea800000) (1024K)]
Total: 61

Other Threads:
  0x0000016106e6e8d0 VMThread "VM Thread"                           [id=21256, stack(0x00000037e6200000,0x00000037e6300000) (1024K)]
  0x000001611d48ba00 WatcherThread "VM Periodic Task Thread"        [id=5900, stack(0x00000037e6100000,0x00000037e6200000) (1024K)]
  0x0000016106dcab90 WorkerThread "GC Thread#0"                     [id=21384, stack(0x00000037e6000000,0x00000037e6100000) (1024K)]
  0x0000016160ac98a0 WorkerThread "GC Thread#1"                     [id=4608, stack(0x00000037e6f00000,0x00000037e7000000) (1024K)]
  0x00000161651ec880 WorkerThread "GC Thread#2"                     [id=23040, stack(0x00000037e7000000,0x00000037e7100000) (1024K)]
  0x00000161651ecc30 WorkerThread "GC Thread#3"                     [id=17060, stack(0x00000037e7100000,0x00000037e7200000) (1024K)]
  0x0000016160acff40 WorkerThread "GC Thread#4"                     [id=19304, stack(0x00000037e7200000,0x00000037e7300000) (1024K)]
  0x0000016160ad02f0 WorkerThread "GC Thread#5"                     [id=11124, stack(0x00000037e7300000,0x00000037e7400000) (1024K)]
  0x0000016160ad06a0 WorkerThread "GC Thread#6"                     [id=9808, stack(0x00000037e7400000,0x00000037e7500000) (1024K)]
  0x00000161651afe70 WorkerThread "GC Thread#7"                     [id=21452, stack(0x00000037e7600000,0x00000037e7700000) (1024K)]
Total: 10

Threads with active compile tasks:
C2 CompilerThread0  14871 9120   !   4       org.eclipse.jdt.internal.core.search.indexing.BinaryIndexer::indexDocument (1172 bytes)
C1 CompilerThread0  14871 9866       1       org.apache.maven.model.building.ModelData::getSource (5 bytes)
C2 CompilerThread1  14871 9821       4       sun.nio.fs.WindowsPathParser::normalize (233 bytes)
C2 CompilerThread2  14871 9701       4       org.eclipse.jdt.internal.compiler.parser.Scanner::internalScanIdentifierOrKeyword (5041 bytes)
Total: 4

VM state: at safepoint (normal execution)

VM Mutex/Monitor currently owned by a thread:  ([mutex/lock_event])
[0x00007ff8917ae560] Threads_lock - owner thread: 0x0000016106e6e8d0
[0x00007ff8917ae660] Heap_lock - owner thread: 0x00000161659d49d0

Heap address: 0x0000000080000000, size: 2048 MB, Compressed Oops mode: 32-bit

CDS archive(s) mapped at: [0x000001611e000000-0x000001611eba0000-0x000001611eba0000), size 12189696, SharedBaseAddress: 0x000001611e000000, ArchiveRelocationMode: 1.
Compressed class space mapped at: 0x000001611f000000-0x000001615f000000, reserved size: 1073741824
Narrow klass base: 0x000001611e000000, Narrow klass shift: 0, Narrow klass range: 0x100000000

GC Precious Log:
 CardTable entry size: 512
 CPUs: 8 total, 8 available
 Memory: 7455M
 Large Page Support: Disabled
 NUMA Support: Disabled
 Compressed Oops: Enabled (32-bit)
 Alignments: Space 512K, Generation 512K, Heap 2M
 Heap Min Capacity: 100M
 Heap Initial Capacity: 100M
 Heap Max Capacity: 2G
 Pre-touch: Disabled
 Parallel Workers: 8

Heap:
 PSYoungGen      total 14336K, used 2041K [0x00000000d5580000, 0x00000000d6700000, 0x0000000100000000)
  eden space 12288K, 0% used [0x00000000d5580000,0x00000000d5580000,0x00000000d6180000)
  from space 2048K, 99% used [0x00000000d6300000,0x00000000d64fe630,0x00000000d6500000)
  to   space 2048K, 0% used [0x00000000d6500000,0x00000000d6500000,0x00000000d6700000)
 ParOldGen       total 146432K, used 132000K [0x0000000080000000, 0x0000000088f00000, 0x00000000d5580000)
  object space 146432K, 90% used [0x0000000080000000,0x00000000880e83a8,0x0000000088f00000)
 Metaspace       used 58554K, committed 59968K, reserved 1114112K
  class space    used 6207K, committed 6784K, reserved 1048576K

Card table byte_map: [0x0000016106660000,0x0000016106a70000] _byte_map_base: 0x0000016106260000

Marking Bits: (ParMarkBitMap*) 0x00007ff8917b3450
 Begin Bits: [0x0000016118fb0000, 0x000001611afb0000)
 End Bits:   [0x000001611afb0000, 0x000001611cfb0000)

Polling page: 0x0000016104b60000

Metaspace:

Usage:
  Non-class:     51.12 MB used.
      Class:      6.06 MB used.
       Both:     57.18 MB used.

Virtual space:
  Non-class space:       64.00 MB reserved,      51.94 MB ( 81%) committed,  1 nodes.
      Class space:        1.00 GB reserved,       6.62 MB ( <1%) committed,  1 nodes.
             Both:        1.06 GB reserved,      58.56 MB (  5%) committed. 

Chunk freelists:
   Non-Class:  11.28 MB
       Class:  9.41 MB
        Both:  20.69 MB

MaxMetaspaceSize: unlimited
CompressedClassSpaceSize: 1.00 GB
Initial GC threshold: 21.00 MB
Current GC threshold: 97.31 MB
CDS: on
 - commit_granule_bytes: 65536.
 - commit_granule_words: 8192.
 - virtual_space_node_default_size: 8388608.
 - enlarge_chunks_in_place: 1.
 - use_allocation_guard: 0.


Internal statistics:

num_allocs_failed_limit: 9.
num_arena_births: 1134.
num_arena_deaths: 14.
num_vsnodes_births: 2.
num_vsnodes_deaths: 0.
num_space_committed: 937.
num_space_uncommitted: 0.
num_chunks_returned_to_freelist: 23.
num_chunks_taken_from_freelist: 3954.
num_chunk_merges: 13.
num_chunk_splits: 2382.
num_chunks_enlarged: 1241.
num_inconsistent_stats: 0.

CodeHeap 'non-profiled nmethods': size=120000Kb used=4799Kb max_used=4832Kb free=115200Kb
 bounds [0x0000016111a80000, 0x0000016111f40000, 0x0000016118fb0000]
CodeHeap 'profiled nmethods': size=120000Kb used=19130Kb max_used=19283Kb free=100869Kb
 bounds [0x0000016109fb0000, 0x000001610b290000, 0x00000161114e0000]
CodeHeap 'non-nmethods': size=5760Kb used=1413Kb max_used=1511Kb free=4346Kb
 bounds [0x00000161114e0000, 0x0000016111750000, 0x0000016111a80000]
CodeCache: size=245760Kb, used=25342Kb, max_used=25626Kb, free=220415Kb
 total_blobs=9757, nmethods=9032, adapters=631, full_count=0
Compilation: enabled, stopped_count=0, restarted_count=0

Compilation events (20 events):
Event: 13.846 Thread 0x000001611d58c820 nmethod 9856 0x000001610a02a110 code [0x000001610a02a340, 0x000001610a02ae60]
Event: 13.846 Thread 0x000001611d58c820 9857       3       org.apache.maven.model.merge.ModelMerger::getRepositoryKey (6 bytes)
Event: 13.846 Thread 0x000001611d58c820 nmethod 9857 0x000001610a43b290 code [0x000001610a43b440, 0x000001610a43b608]
Event: 13.846 Thread 0x000001611d58c820 9858       3       org.apache.maven.model.merge.MavenModelMerger::getRepositoryBaseKey (5 bytes)
Event: 13.846 Thread 0x000001611d58c820 nmethod 9858 0x000001610a4a8d90 code [0x000001610a4a8f20, 0x000001610a4a90d0]
Event: 13.849 Thread 0x000001611d58c820 9859       3       java.lang.CharacterDataLatin1::toTitleCase (6 bytes)
Event: 13.849 Thread 0x000001611d58c820 nmethod 9859 0x000001610a6ae910 code [0x000001610a6aeac0, 0x000001610a6aec18]
Event: 13.849 Thread 0x000001611d58c820 9860       3       org.codehaus.plexus.interpolation.reflection.ReflectionValueExtractor$Tokenizer::skipChar (37 bytes)
Event: 13.850 Thread 0x000001611d58c820 nmethod 9860 0x000001610a924410 code [0x000001610a924620, 0x000001610a924d00]
Event: 13.850 Thread 0x000001611d58c820 9861   !   3       org.codehaus.plexus.interpolation.reflection.ReflectionValueExtractor::getPropertyValue (114 bytes)
Event: 13.850 Thread 0x000001611d58c820 nmethod 9861 0x000001610a971910 code [0x000001610a971ca0, 0x000001610a972dc8]
Event: 13.850 Thread 0x000001611d58c820 9862       3       org.eclipse.sisu.wire.EntryMapAdapter$EntrySet::iterator (10 bytes)
Event: 13.850 Thread 0x000001611d58c820 nmethod 9862 0x000001610a695b90 code [0x000001610a695d40, 0x000001610a695f18]
Event: 13.851 Thread 0x000001611d58c820 9863       3       org.codehaus.plexus.interpolation.reflection.ReflectionValueExtractor$Tokenizer::nextPropertyName (86 bytes)
Event: 13.852 Thread 0x000001611d58c820 nmethod 9863 0x000001610a27c290 code [0x000001610a27c520, 0x000001610a27d030]
Event: 13.852 Thread 0x000001611d58c820 9864       3       org.eclipse.aether.AbstractForwardingRepositorySystemSession::getLocalRepositoryManager (10 bytes)
Event: 13.852 Thread 0x000001611d58c820 nmethod 9864 0x000001610a971490 code [0x000001610a971640, 0x000001610a971840]
Event: 13.852 Thread 0x000001611d58c820 9865       3       java.io.FileDescriptor::setHandle (33 bytes)
Event: 13.852 Thread 0x000001611d58c820 nmethod 9865 0x000001610a1eeb90 code [0x000001610a1eed40, 0x000001610a1eefb8]
Event: 13.853 Thread 0x000001611d58c820 9866       1       org.apache.maven.model.building.ModelData::getSource (5 bytes)

GC Heap History (20 events):
Event: 11.911 GC heap after
{Heap after GC invocations=70 (full 2):
 PSYoungGen      total 11776K, used 2020K [0x00000000d5580000, 0x00000000d6b00000, 0x0000000100000000)
  eden space 9728K, 0% used [0x00000000d5580000,0x00000000d5580000,0x00000000d5f00000)
  from space 2048K, 98% used [0x00000000d6400000,0x00000000d65f9138,0x00000000d6600000)
  to   space 5120K, 0% used [0x00000000d5f00000,0x00000000d5f00000,0x00000000d6400000)
 ParOldGen       total 133632K, used 133362K [0x0000000080000000, 0x0000000088280000, 0x00000000d5580000)
  object space 133632K, 99% used [0x0000000080000000,0x000000008823c980,0x0000000088280000)
 Metaspace       used 58218K, committed 59584K, reserved 1114112K
  class space    used 6201K, committed 6784K, reserved 1048576K
}
Event: 11.961 GC heap before
{Heap before GC invocations=71 (full 2):
 PSYoungGen      total 11776K, used 11748K [0x00000000d5580000, 0x00000000d6b00000, 0x0000000100000000)
  eden space 9728K, 100% used [0x00000000d5580000,0x00000000d5f00000,0x00000000d5f00000)
  from space 2048K, 98% used [0x00000000d6400000,0x00000000d65f9138,0x00000000d6600000)
  to   space 5120K, 0% used [0x00000000d5f00000,0x00000000d5f00000,0x00000000d6400000)
 ParOldGen       total 133632K, used 133362K [0x0000000080000000, 0x0000000088280000, 0x00000000d5580000)
  object space 133632K, 99% used [0x0000000080000000,0x000000008823c980,0x0000000088280000)
 Metaspace       used 58257K, committed 59648K, reserved 1114112K
  class space    used 6202K, committed 6784K, reserved 1048576K
}
Event: 12.973 GC heap after
{Heap after GC invocations=71 (full 2):
 PSYoungGen      total 14848K, used 2226K [0x00000000d5580000, 0x00000000d6700000, 0x0000000100000000)
  eden space 9728K, 0% used [0x00000000d5580000,0x00000000d5580000,0x00000000d5f00000)
  from space 5120K, 43% used [0x00000000d5f00000,0x00000000d612cb28,0x00000000d6400000)
  to   space 3072K, 0% used [0x00000000d6400000,0x00000000d6400000,0x00000000d6700000)
 ParOldGen       total 135680K, used 135316K [0x0000000080000000, 0x0000000088480000, 0x00000000d5580000)
  object space 135680K, 99% used [0x0000000080000000,0x00000000884252d8,0x0000000088480000)
 Metaspace       used 58257K, committed 59648K, reserved 1114112K
  class space    used 6202K, committed 6784K, reserved 1048576K
}
Event: 13.044 GC heap before
{Heap before GC invocations=72 (full 2):
 PSYoungGen      total 14848K, used 11954K [0x00000000d5580000, 0x00000000d6700000, 0x0000000100000000)
  eden space 9728K, 100% used [0x00000000d5580000,0x00000000d5f00000,0x00000000d5f00000)
  from space 5120K, 43% used [0x00000000d5f00000,0x00000000d612cb28,0x00000000d6400000)
  to   space 3072K, 0% used [0x00000000d6400000,0x00000000d6400000,0x00000000d6700000)
 ParOldGen       total 135680K, used 135316K [0x0000000080000000, 0x0000000088480000, 0x00000000d5580000)
  object space 135680K, 99% used [0x0000000080000000,0x00000000884252d8,0x0000000088480000)
 Metaspace       used 58336K, committed 59712K, reserved 1114112K
  class space    used 6206K, committed 6784K, reserved 1048576K
}
Event: 13.048 GC heap after
{Heap after GC invocations=72 (full 2):
 PSYoungGen      total 14336K, used 2096K [0x00000000d5580000, 0x00000000d6680000, 0x0000000100000000)
  eden space 11776K, 0% used [0x00000000d5580000,0x00000000d5580000,0x00000000d6100000)
  from space 2560K, 81% used [0x00000000d6400000,0x00000000d660c158,0x00000000d6680000)
  to   space 2560K, 0% used [0x00000000d6180000,0x00000000d6180000,0x00000000d6400000)
 ParOldGen       total 137728K, used 137317K [0x0000000080000000, 0x0000000088680000, 0x00000000d5580000)
  object space 137728K, 99% used [0x0000000080000000,0x00000000886195c0,0x0000000088680000)
 Metaspace       used 58336K, committed 59712K, reserved 1114112K
  class space    used 6206K, committed 6784K, reserved 1048576K
}
Event: 13.138 GC heap before
{Heap before GC invocations=73 (full 2):
 PSYoungGen      total 14336K, used 13872K [0x00000000d5580000, 0x00000000d6680000, 0x0000000100000000)
  eden space 11776K, 100% used [0x00000000d5580000,0x00000000d6100000,0x00000000d6100000)
  from space 2560K, 81% used [0x00000000d6400000,0x00000000d660c158,0x00000000d6680000)
  to   space 2560K, 0% used [0x00000000d6180000,0x00000000d6180000,0x00000000d6400000)
 ParOldGen       total 137728K, used 137317K [0x0000000080000000, 0x0000000088680000, 0x00000000d5580000)
  object space 137728K, 99% used [0x0000000080000000,0x00000000886195c0,0x0000000088680000)
 Metaspace       used 58394K, committed 59776K, reserved 1114112K
  class space    used 6206K, committed 6784K, reserved 1048576K
}
Event: 13.145 GC heap after
{Heap after GC invocations=73 (full 2):
 PSYoungGen      total 14848K, used 2281K [0x00000000d5580000, 0x00000000d6880000, 0x0000000100000000)
  eden space 12288K, 0% used [0x00000000d5580000,0x00000000d5580000,0x00000000d6180000)
  from space 2560K, 89% used [0x00000000d6180000,0x00000000d63ba5e8,0x00000000d6400000)
  to   space 2560K, 0% used [0x00000000d6600000,0x00000000d6600000,0x00000000d6880000)
 ParOldGen       total 139776K, used 139297K [0x0000000080000000, 0x0000000088880000, 0x00000000d5580000)
  object space 139776K, 99% used [0x0000000080000000,0x0000000088808410,0x0000000088880000)
 Metaspace       used 58394K, committed 59776K, reserved 1114112K
  class space    used 6206K, committed 6784K, reserved 1048576K
}
Event: 13.261 GC heap before
{Heap before GC invocations=74 (full 2):
 PSYoungGen      total 14848K, used 14569K [0x00000000d5580000, 0x00000000d6880000, 0x0000000100000000)
  eden space 12288K, 100% used [0x00000000d5580000,0x00000000d6180000,0x00000000d6180000)
  from space 2560K, 89% used [0x00000000d6180000,0x00000000d63ba5e8,0x00000000d6400000)
  to   space 2560K, 0% used [0x00000000d6600000,0x00000000d6600000,0x00000000d6880000)
 ParOldGen       total 139776K, used 139297K [0x0000000080000000, 0x0000000088880000, 0x00000000d5580000)
  object space 139776K, 99% used [0x0000000080000000,0x0000000088808410,0x0000000088880000)
 Metaspace       used 58412K, committed 59776K, reserved 1114112K
  class space    used 6206K, committed 6784K, reserved 1048576K
}
Event: 13.265 GC heap after
{Heap after GC invocations=74 (full 2):
 PSYoungGen      total 14848K, used 2360K [0x00000000d5580000, 0x00000000d6880000, 0x0000000100000000)
  eden space 12288K, 0% used [0x00000000d5580000,0x00000000d5580000,0x00000000d6180000)
  from space 2560K, 92% used [0x00000000d6600000,0x00000000d684e178,0x00000000d6880000)
  to   space 2560K, 0% used [0x00000000d6180000,0x00000000d6180000,0x00000000d6400000)
 ParOldGen       total 141824K, used 141423K [0x0000000080000000, 0x0000000088a80000, 0x00000000d5580000)
  object space 141824K, 99% used [0x0000000080000000,0x0000000088a1bf10,0x0000000088a80000)
 Metaspace       used 58412K, committed 59776K, reserved 1114112K
  class space    used 6206K, committed 6784K, reserved 1048576K
}
Event: 13.345 GC heap before
{Heap before GC invocations=75 (full 2):
 PSYoungGen      total 14848K, used 14638K [0x00000000d5580000, 0x00000000d6880000, 0x0000000100000000)
  eden space 12288K, 99% used [0x00000000d5580000,0x00000000d617d8e0,0x00000000d6180000)
  from space 2560K, 92% used [0x00000000d6600000,0x00000000d684e178,0x00000000d6880000)
  to   space 2560K, 0% used [0x00000000d6180000,0x00000000d6180000,0x00000000d6400000)
 ParOldGen       total 141824K, used 141423K [0x0000000080000000, 0x0000000088a80000, 0x00000000d5580000)
  object space 141824K, 99% used [0x0000000080000000,0x0000000088a1bf10,0x0000000088a80000)
 Metaspace       used 58429K, committed 59776K, reserved 1114112K
  class space    used 6206K, committed 6784K, reserved 1048576K
}
Event: 13.350 GC heap after
{Heap after GC invocations=75 (full 2):
 PSYoungGen      total 14848K, used 2531K [0x00000000d5580000, 0x00000000d6c80000, 0x0000000100000000)
  eden space 12288K, 0% used [0x00000000d5580000,0x00000000d5580000,0x00000000d6180000)
  from space 2560K, 98% used [0x00000000d6180000,0x00000000d63f8d10,0x00000000d6400000)
  to   space 5632K, 0% used [0x00000000d6700000,0x00000000d6700000,0x00000000d6c80000)
 ParOldGen       total 143872K, used 143868K [0x0000000080000000, 0x0000000088c80000, 0x00000000d5580000)
  object space 143872K, 99% used [0x0000000080000000,0x0000000088c7f1d0,0x0000000088c80000)
 Metaspace       used 58429K, committed 59776K, reserved 1114112K
  class space    used 6206K, committed 6784K, reserved 1048576K
}
Event: 13.514 GC heap before
{Heap before GC invocations=76 (full 2):
 PSYoungGen      total 14848K, used 11891K [0x00000000d5580000, 0x00000000d6c80000, 0x0000000100000000)
  eden space 12288K, 76% used [0x00000000d5580000,0x00000000d5ea3f10,0x00000000d6180000)
  from space 2560K, 98% used [0x00000000d6180000,0x00000000d63f8d10,0x00000000d6400000)
  to   space 5632K, 0% used [0x00000000d6700000,0x00000000d6700000,0x00000000d6c80000)
 ParOldGen       total 143872K, used 143868K [0x0000000080000000, 0x0000000088c80000, 0x00000000d5580000)
  object space 143872K, 99% used [0x0000000080000000,0x0000000088c7f1d0,0x0000000088c80000)
 Metaspace       used 58459K, committed 59776K, reserved 1114112K
  class space    used 6207K, committed 6784K, reserved 1048576K
}
Event: 13.517 GC heap after
{Heap after GC invocations=76 (full 2):
 PSYoungGen      total 14848K, used 2129K [0x00000000d5580000, 0x00000000d6980000, 0x0000000100000000)
  eden space 12288K, 0% used [0x00000000d5580000,0x00000000d5580000,0x00000000d6180000)
  from space 2560K, 83% used [0x00000000d6700000,0x00000000d6914730,0x00000000d6980000)
  to   space 3584K, 0% used [0x00000000d6280000,0x00000000d6280000,0x00000000d6600000)
 ParOldGen       total 146432K, used 146306K [0x0000000080000000, 0x0000000088f00000, 0x00000000d5580000)
  object space 146432K, 99% used [0x0000000080000000,0x0000000088ee0b08,0x0000000088f00000)
 Metaspace       used 58459K, committed 59776K, reserved 1114112K
  class space    used 6207K, committed 6784K, reserved 1048576K
}
Event: 13.517 GC heap before
{Heap before GC invocations=77 (full 3):
 PSYoungGen      total 14848K, used 2129K [0x00000000d5580000, 0x00000000d6980000, 0x0000000100000000)
  eden space 12288K, 0% used [0x00000000d5580000,0x00000000d5580000,0x00000000d6180000)
  from space 2560K, 83% used [0x00000000d6700000,0x00000000d6914730,0x00000000d6980000)
  to   space 3584K, 0% used [0x00000000d6280000,0x00000000d6280000,0x00000000d6600000)
 ParOldGen       total 146432K, used 146306K [0x0000000080000000, 0x0000000088f00000, 0x00000000d5580000)
  object space 146432K, 99% used [0x0000000080000000,0x0000000088ee0b08,0x0000000088f00000)
 Metaspace       used 58459K, committed 59776K, reserved 1114112K
  class space    used 6207K, committed 6784K, reserved 1048576K
}
Event: 13.654 GC heap after
{Heap after GC invocations=77 (full 3):
 PSYoungGen      total 14848K, used 0K [0x00000000d5580000, 0x00000000d6980000, 0x0000000100000000)
  eden space 12288K, 0% used [0x00000000d5580000,0x00000000d5580000,0x00000000d6180000)
  from space 2560K, 0% used [0x00000000d6700000,0x00000000d6700000,0x00000000d6980000)
  to   space 3584K, 0% used [0x00000000d6280000,0x00000000d6280000,0x00000000d6600000)
 ParOldGen       total 146432K, used 127928K [0x0000000080000000, 0x0000000088f00000, 0x00000000d5580000)
  object space 146432K, 87% used [0x0000000080000000,0x0000000087cee1c8,0x0000000088f00000)
 Metaspace       used 58459K, committed 59776K, reserved 1114112K
  class space    used 6207K, committed 6784K, reserved 1048576K
}
Event: 13.717 GC heap before
{Heap before GC invocations=78 (full 3):
 PSYoungGen      total 14848K, used 12286K [0x00000000d5580000, 0x00000000d6980000, 0x0000000100000000)
  eden space 12288K, 99% used [0x00000000d5580000,0x00000000d617f908,0x00000000d6180000)
  from space 2560K, 0% used [0x00000000d6700000,0x00000000d6700000,0x00000000d6980000)
  to   space 3584K, 0% used [0x00000000d6280000,0x00000000d6280000,0x00000000d6600000)
 ParOldGen       total 146432K, used 127928K [0x0000000080000000, 0x0000000088f00000, 0x00000000d5580000)
  object space 146432K, 87% used [0x0000000080000000,0x0000000087cee1c8,0x0000000088f00000)
 Metaspace       used 58479K, committed 59840K, reserved 1114112K
  class space    used 6207K, committed 6784K, reserved 1048576K
}
Event: 13.719 GC heap after
{Heap after GC invocations=78 (full 3):
 PSYoungGen      total 14848K, used 2114K [0x00000000d5580000, 0x00000000d6780000, 0x0000000100000000)
  eden space 12288K, 0% used [0x00000000d5580000,0x00000000d5580000,0x00000000d6180000)
  from space 2560K, 82% used [0x00000000d6280000,0x00000000d64909c0,0x00000000d6500000)
  to   space 2560K, 0% used [0x00000000d6500000,0x00000000d6500000,0x00000000d6780000)
 ParOldGen       total 146432K, used 127936K [0x0000000080000000, 0x0000000088f00000, 0x00000000d5580000)
  object space 146432K, 87% used [0x0000000080000000,0x0000000087cf01c8,0x0000000088f00000)
 Metaspace       used 58479K, committed 59840K, reserved 1114112K
  class space    used 6207K, committed 6784K, reserved 1048576K
}
Event: 13.820 GC heap before
{Heap before GC invocations=79 (full 3):
 PSYoungGen      total 14848K, used 14402K [0x00000000d5580000, 0x00000000d6780000, 0x0000000100000000)
  eden space 12288K, 100% used [0x00000000d5580000,0x00000000d6180000,0x00000000d6180000)
  from space 2560K, 82% used [0x00000000d6280000,0x00000000d64909c0,0x00000000d6500000)
  to   space 2560K, 0% used [0x00000000d6500000,0x00000000d6500000,0x00000000d6780000)
 ParOldGen       total 146432K, used 127936K [0x0000000080000000, 0x0000000088f00000, 0x00000000d5580000)
  object space 146432K, 87% used [0x0000000080000000,0x0000000087cf01c8,0x0000000088f00000)
 Metaspace       used 58546K, committed 59968K, reserved 1114112K
  class space    used 6207K, committed 6784K, reserved 1048576K
}
Event: 13.823 GC heap after
{Heap after GC invocations=79 (full 3):
 PSYoungGen      total 14336K, used 1811K [0x00000000d5580000, 0x00000000d6700000, 0x0000000100000000)
  eden space 12288K, 0% used [0x00000000d5580000,0x00000000d5580000,0x00000000d6180000)
  from space 2048K, 88% used [0x00000000d6500000,0x00000000d66c4cd8,0x00000000d6700000)
  to   space 2048K, 0% used [0x00000000d6300000,0x00000000d6300000,0x00000000d6500000)
 ParOldGen       total 146432K, used 129941K [0x0000000080000000, 0x0000000088f00000, 0x00000000d5580000)
  object space 146432K, 88% used [0x0000000080000000,0x0000000087ee5700,0x0000000088f00000)
 Metaspace       used 58546K, committed 59968K, reserved 1114112K
  class space    used 6207K, committed 6784K, reserved 1048576K
}
Event: 13.853 GC heap before
{Heap before GC invocations=80 (full 3):
 PSYoungGen      total 14336K, used 14099K [0x00000000d5580000, 0x00000000d6700000, 0x0000000100000000)
  eden space 12288K, 100% used [0x00000000d5580000,0x00000000d6180000,0x00000000d6180000)
  from space 2048K, 88% used [0x00000000d6500000,0x00000000d66c4cd8,0x00000000d6700000)
  to   space 2048K, 0% used [0x00000000d6300000,0x00000000d6300000,0x00000000d6500000)
 ParOldGen       total 146432K, used 129941K [0x0000000080000000, 0x0000000088f00000, 0x00000000d5580000)
  object space 146432K, 88% used [0x0000000080000000,0x0000000087ee5700,0x0000000088f00000)
 Metaspace       used 58554K, committed 59968K, reserved 1114112K
  class space    used 6207K, committed 6784K, reserved 1048576K
}

Dll operation events (10 events):
Event: 0.014 Loaded shared library c:\Users\abhis\.antigravity\extensions\redhat.java-1.54.0-win32-x64\jre\21.0.10-win32-x86_64\bin\java.dll
Event: 0.084 Loaded shared library c:\Users\abhis\.antigravity\extensions\redhat.java-1.54.0-win32-x64\jre\21.0.10-win32-x86_64\bin\zip.dll
Event: 0.103 Loaded shared library C:\Users\abhis\.antigravity\extensions\redhat.java-1.54.0-win32-x64\jre\21.0.10-win32-x86_64\bin\instrument.dll
Event: 0.109 Loaded shared library C:\Users\abhis\.antigravity\extensions\redhat.java-1.54.0-win32-x64\jre\21.0.10-win32-x86_64\bin\net.dll
Event: 0.112 Loaded shared library C:\Users\abhis\.antigravity\extensions\redhat.java-1.54.0-win32-x64\jre\21.0.10-win32-x86_64\bin\nio.dll
Event: 0.115 Loaded shared library C:\Users\abhis\.antigravity\extensions\redhat.java-1.54.0-win32-x64\jre\21.0.10-win32-x86_64\bin\zip.dll
Event: 0.133 Loaded shared library C:\Users\abhis\.antigravity\extensions\redhat.java-1.54.0-win32-x64\jre\21.0.10-win32-x86_64\bin\jimage.dll
Event: 0.217 Loaded shared library c:\Users\abhis\.antigravity\extensions\redhat.java-1.54.0-win32-x64\jre\21.0.10-win32-x86_64\bin\verify.dll
Event: 1.287 Loaded shared library C:\Users\abhis\AppData\Roaming\Antigravity\User\globalStorage\redhat.java\1.54.0\config_win\org.eclipse.equinox.launcher\org.eclipse.equinox.launcher.win32.win32.x86_64_1.3.0.v20260203-2149\eclipse_11919.dll
Event: 4.682 Loaded shared library C:\Users\abhis\AppData\Local\Temp\jna-92604369\jna14723343672013993275.dll

Deoptimization events (20 events):
Event: 13.034 Thread 0x00000161659d49d0 DEOPT PACKING pc=0x000001610b058ab2 sp=0x00000037e80fead0
Event: 13.034 Thread 0x00000161659d49d0 DEOPT UNPACKING pc=0x0000016111534242 sp=0x00000037e80fe048 mode 0
Event: 13.048 Thread 0x00000161659d49d0 DEOPT PACKING pc=0x000001610b058ab2 sp=0x00000037e80fead0
Event: 13.049 Thread 0x00000161659d49d0 DEOPT UNPACKING pc=0x0000016111534242 sp=0x00000037e80fe048 mode 0
Event: 13.062 Thread 0x00000161659d49d0 DEOPT PACKING pc=0x000001610b058ab2 sp=0x00000037e80fead0
Event: 13.062 Thread 0x00000161659d49d0 DEOPT UNPACKING pc=0x0000016111534242 sp=0x00000037e80fe048 mode 0
Event: 13.084 Thread 0x00000161659d49d0 DEOPT PACKING pc=0x000001610b058ab2 sp=0x00000037e80fead0
Event: 13.084 Thread 0x00000161659d49d0 DEOPT UNPACKING pc=0x0000016111534242 sp=0x00000037e80fe048 mode 0
Event: 13.115 Thread 0x00000161659d49d0 DEOPT PACKING pc=0x000001610b058ab2 sp=0x00000037e80fead0
Event: 13.115 Thread 0x00000161659d49d0 DEOPT UNPACKING pc=0x0000016111534242 sp=0x00000037e80fe048 mode 0
Event: 13.165 Thread 0x00000161659d49d0 DEOPT PACKING pc=0x000001610b058ab2 sp=0x00000037e80fead0
Event: 13.165 Thread 0x00000161659d49d0 DEOPT UNPACKING pc=0x0000016111534242 sp=0x00000037e80fe048 mode 0
Event: 13.195 Thread 0x00000161659d49d0 DEOPT PACKING pc=0x000001610b058ab2 sp=0x00000037e80fead0
Event: 13.195 Thread 0x00000161659d49d0 DEOPT UNPACKING pc=0x0000016111534242 sp=0x00000037e80fe048 mode 0
Event: 13.252 Thread 0x00000161659d49d0 DEOPT PACKING pc=0x000001610b058ab2 sp=0x00000037e80fead0
Event: 13.252 Thread 0x00000161659d49d0 DEOPT UNPACKING pc=0x0000016111534242 sp=0x00000037e80fe048 mode 0
Event: 13.671 Thread 0x00000161659d5d80 DEOPT PACKING pc=0x000001610b1f366b sp=0x00000037e82fca60
Event: 13.671 Thread 0x00000161659d5d80 DEOPT UNPACKING pc=0x0000016111534242 sp=0x00000037e82fbf98 mode 0
Event: 13.811 Thread 0x00000161659d5d80 DEOPT PACKING pc=0x000001610a67f7c6 sp=0x00000037e82fc9c0
Event: 13.811 Thread 0x00000161659d5d80 DEOPT UNPACKING pc=0x0000016111534242 sp=0x00000037e82fbf40 mode 0

Classes loaded (20 events):
Event: 10.259 Loading class java/util/concurrent/ArrayBlockingQueue
Event: 10.260 Loading class java/util/concurrent/ArrayBlockingQueue done
Event: 10.275 Loading class java/lang/StringUTF16$LinesSpliterator
Event: 10.276 Loading class java/lang/StringUTF16$LinesSpliterator done
Event: 10.421 Loading class java/util/Hashtable$ValueCollection
Event: 10.424 Loading class java/util/Hashtable$ValueCollection done
Event: 10.427 Loading class java/util/concurrent/ConcurrentHashMap$KeySpliterator
Event: 10.427 Loading class java/util/concurrent/ConcurrentHashMap$KeySpliterator done
Event: 10.444 Loading class sun/nio/ch/ChannelOutputStream
Event: 10.444 Loading class sun/nio/ch/ChannelOutputStream done
Event: 10.602 Loading class java/util/stream/ReferencePipeline$4
Event: 10.603 Loading class java/util/stream/ReferencePipeline$4 done
Event: 10.604 Loading class java/util/stream/Nodes$IntFixedNodeBuilder
Event: 10.604 Loading class java/util/stream/Node$Builder$OfInt
Event: 10.604 Loading class java/util/stream/Node$Builder$OfInt done
Event: 10.604 Loading class java/util/stream/Nodes$IntArrayNode
Event: 10.604 Loading class java/util/stream/Nodes$IntArrayNode done
Event: 10.605 Loading class java/util/stream/Nodes$IntFixedNodeBuilder done
Event: 10.605 Loading class java/util/stream/ReferencePipeline$4$1
Event: 10.605 Loading class java/util/stream/ReferencePipeline$4$1 done

Classes unloaded (7 events):
Event: 5.203 Thread 0x0000016106e6e8d0 Unloading class 0x000001611f1a7000 'java/lang/invoke/LambdaForm$MH+0x000001611f1a7000'
Event: 5.203 Thread 0x0000016106e6e8d0 Unloading class 0x000001611f1a6c00 'java/lang/invoke/LambdaForm$MH+0x000001611f1a6c00'
Event: 5.203 Thread 0x0000016106e6e8d0 Unloading class 0x000001611f1a6800 'java/lang/invoke/LambdaForm$MH+0x000001611f1a6800'
Event: 5.203 Thread 0x0000016106e6e8d0 Unloading class 0x000001611f1a6400 'java/lang/invoke/LambdaForm$MH+0x000001611f1a6400'
Event: 5.203 Thread 0x0000016106e6e8d0 Unloading class 0x000001611f1a6000 'java/lang/invoke/LambdaForm$BMH+0x000001611f1a6000'
Event: 5.203 Thread 0x0000016106e6e8d0 Unloading class 0x000001611f1a5c00 'java/lang/invoke/LambdaForm$DMH+0x000001611f1a5c00'
Event: 5.203 Thread 0x0000016106e6e8d0 Unloading class 0x000001611f1a4800 'java/lang/invoke/LambdaForm$DMH+0x000001611f1a4800'

Classes redefined (0 events):
No events

Internal exceptions (20 events):
Event: 9.519 Thread 0x00000161659d9890 Exception <a 'java/lang/IncompatibleClassChangeError'{0x00000000d5ff7fc0}: Found class java.lang.Object, but interface was expected> (0x00000000d5ff7fc0) 
thrown [s\src\hotspot\share\interpreter\linkResolver.cpp, line 840]
Event: 9.575 Thread 0x00000161659db2d0 Exception <a 'sun/nio/fs/WindowsException'{0x00000000d60f57b0}> (0x00000000d60f57b0) 
thrown [s\src\hotspot\share\prims\jni.cpp, line 520]
Event: 9.576 Thread 0x00000161659db2d0 Exception <a 'sun/nio/fs/WindowsException'{0x00000000d60f60d0}> (0x00000000d60f60d0) 
thrown [s\src\hotspot\share\prims\jni.cpp, line 520]
Event: 9.591 Thread 0x00000161659db2d0 Exception <a 'java/io/FileNotFoundException'{0x00000000d5689110}> (0x00000000d5689110) 
thrown [s\src\hotspot\share\prims\jni.cpp, line 520]
Event: 9.592 Thread 0x00000161659db2d0 Exception <a 'java/io/FileNotFoundException'{0x00000000d568a218}> (0x00000000d568a218) 
thrown [s\src\hotspot\share\prims\jni.cpp, line 520]
Event: 9.592 Thread 0x00000161659db2d0 Exception <a 'java/io/FileNotFoundException'{0x00000000d568ca98}> (0x00000000d568ca98) 
thrown [s\src\hotspot\share\prims\jni.cpp, line 520]
Event: 9.987 Thread 0x00000161659d5d80 Exception <a 'java/lang/NoSuchMethodError'{0x00000000d5b52748}: 'int java.lang.invoke.DirectMethodHandle$Holder.invokeSpecialIFC(java.lang.Object, java.lang.Object, java.lang.Object)'> (0x00000000d5b52748) 
thrown [s\src\hotspot\share\interpreter\linkResolver.cpp, line 773]
Event: 10.277 Thread 0x00000161683050e0 Exception <a 'java/lang/NoSuchMethodError'{0x00000000d5718308}: 'java.lang.Object java.lang.invoke.DirectMethodHandle$Holder.invokeStatic(java.lang.Object, int, java.lang.Object)'> (0x00000000d5718308) 
thrown [s\src\hotspot\share\interpreter\linkResolver.cpp, line 773]
Event: 10.391 Thread 0x00000161683050e0 Exception <a 'java/lang/NoSuchMethodError'{0x00000000d584ee08}: 'void java.lang.invoke.DirectMethodHandle$Holder.invokeStatic(java.lang.Object, int, java.lang.Object)'> (0x00000000d584ee08) 
thrown [s\src\hotspot\share\interpreter\linkResolver.cpp, line 773]
Event: 10.436 Thread 0x00000161659d5d80 Exception <a 'java/lang/NoSuchMethodError'{0x00000000d5586008}: 'java.lang.Object java.lang.invoke.DirectMethodHandle$Holder.newInvokeSpecial(java.lang.Object, java.lang.Object, int, int, java.lang.Object)'> (0x00000000d5586008) 
thrown [s\src\hotspot\share\interpreter\linkResolver.cpp, line 773]
Event: 10.510 Thread 0x00000161683050e0 Exception <a 'java/lang/NoSuchMethodError'{0x00000000d561cff0}: 'java.lang.Object java.lang.invoke.DirectMethodHandle$Holder.invokeStatic(java.lang.Object, java.lang.Object, int, java.lang.Object, java.lang.Object)'> (0x00000000d561cff0) 
thrown [s\src\hotspot\share\interpreter\linkResolver.cpp, line 773]
Event: 10.852 Thread 0x00000161683050e0 Exception <a 'java/lang/NoSuchMethodError'{0x00000000d5694e38}: 'java.lang.Object java.lang.invoke.DirectMethodHandle$Holder.invokeStatic(java.lang.Object, java.lang.Object, int, java.lang.Object)'> (0x00000000d5694e38) 
thrown [s\src\hotspot\share\interpreter\linkResolver.cpp, line 773]
Event: 10.854 Thread 0x00000161683050e0 Exception <a 'java/lang/NoSuchMethodError'{0x00000000d57c5f38}: 'java.lang.Object java.lang.invoke.DirectMethodHandle$Holder.newInvokeSpecial(java.lang.Object, java.lang.Object, int)'> (0x00000000d57c5f38) 
thrown [s\src\hotspot\share\interpreter\linkResolver.cpp, line 773]
Event: 11.044 Thread 0x00000161659d5d80 Exception <a 'sun/nio/fs/WindowsException'{0x00000000d58c3438}> (0x00000000d58c3438) 
thrown [s\src\hotspot\share\prims\jni.cpp, line 520]
Event: 11.044 Thread 0x00000161659d5d80 Exception <a 'sun/nio/fs/WindowsException'{0x00000000d58c3a88}> (0x00000000d58c3a88) 
thrown [s\src\hotspot\share\prims\jni.cpp, line 520]
Event: 11.044 Thread 0x00000161659d5d80 Exception <a 'sun/nio/fs/WindowsException'{0x00000000d58f4430}> (0x00000000d58f4430) 
thrown [s\src\hotspot\share\prims\jni.cpp, line 520]
Event: 11.044 Thread 0x00000161659d5d80 Exception <a 'sun/nio/fs/WindowsException'{0x00000000d5924960}> (0x00000000d5924960) 
thrown [s\src\hotspot\share\prims\jni.cpp, line 520]
Event: 11.714 Thread 0x00000161659d49d0 Implicit null exception at 0x0000016111ec9883 to 0x0000016111ece818
Event: 11.829 Thread 0x00000161659d5d80 Exception <a 'java/lang/NoSuchMethodError'{0x00000000d6043a18}: 'void java.lang.invoke.DirectMethodHandle$Holder.invokeStatic(java.lang.Object, java.lang.Object, java.lang.Object, int)'> (0x00000000d6043a18) 
thrown [s\src\hotspot\share\interpreter\linkResolver.cpp, line 773]
Event: 11.847 Thread 0x00000161659d5d80 Exception <a 'java/lang/NoSuchMethodError'{0x00000000d569a798}: 'void java.lang.invoke.DirectMethodHandle$Holder.invokeVirtual(java.lang.Object, java.lang.Object, int)'> (0x00000000d569a798) 
thrown [s\src\hotspot\share\interpreter\linkResolver.cpp, line 773]

ZGC Phase Switch (0 events):
No events

VM Operations (20 events):
Event: 11.839 Executing safepoint VM operation: ParallelGCFailedAllocation (Allocation Failure) done
Event: 11.905 Executing safepoint VM operation: ParallelGCFailedAllocation (Allocation Failure)
Event: 11.911 Executing safepoint VM operation: ParallelGCFailedAllocation (Allocation Failure) done
Event: 11.960 Executing safepoint VM operation: ParallelGCFailedAllocation (Allocation Failure)
Event: 12.973 Executing safepoint VM operation: ParallelGCFailedAllocation (Allocation Failure) done
Event: 13.044 Executing safepoint VM operation: ParallelGCFailedAllocation (Allocation Failure)
Event: 13.048 Executing safepoint VM operation: ParallelGCFailedAllocation (Allocation Failure) done
Event: 13.138 Executing safepoint VM operation: ParallelGCFailedAllocation (Allocation Failure)
Event: 13.145 Executing safepoint VM operation: ParallelGCFailedAllocation (Allocation Failure) done
Event: 13.261 Executing safepoint VM operation: ParallelGCFailedAllocation (Allocation Failure)
Event: 13.265 Executing safepoint VM operation: ParallelGCFailedAllocation (Allocation Failure) done
Event: 13.345 Executing safepoint VM operation: ParallelGCFailedAllocation (Allocation Failure)
Event: 13.350 Executing safepoint VM operation: ParallelGCFailedAllocation (Allocation Failure) done
Event: 13.476 Executing safepoint VM operation: CollectForMetadataAllocation (Metadata GC Threshold)
Event: 13.654 Executing safepoint VM operation: CollectForMetadataAllocation (Metadata GC Threshold) done
Event: 13.717 Executing safepoint VM operation: ParallelGCFailedAllocation (Allocation Failure)
Event: 13.719 Executing safepoint VM operation: ParallelGCFailedAllocation (Allocation Failure) done
Event: 13.820 Executing safepoint VM operation: ParallelGCFailedAllocation (Allocation Failure)
Event: 13.823 Executing safepoint VM operation: ParallelGCFailedAllocation (Allocation Failure) done
Event: 13.853 Executing safepoint VM operation: ParallelGCFailedAllocation (Allocation Failure)

Memory protections (0 events):
No events

Nmethod flushes (20 events):
Event: 13.566 Thread 0x0000016106e6e8d0 flushing osr nmethod 0x000001610a907a90
Event: 13.566 Thread 0x0000016106e6e8d0 flushing  nmethod 0x000001610a912610
Event: 13.566 Thread 0x0000016106e6e8d0 flushing  nmethod 0x000001610a91b290
Event: 13.566 Thread 0x0000016106e6e8d0 flushing  nmethod 0x000001610a91ca90
Event: 13.566 Thread 0x0000016106e6e8d0 flushing  nmethod 0x000001610a924090
Event: 13.566 Thread 0x0000016106e6e8d0 flushing  nmethod 0x000001610a92bd10
Event: 13.566 Thread 0x0000016106e6e8d0 flushing  nmethod 0x000001610a933290
Event: 13.566 Thread 0x0000016106e6e8d0 flushing  nmethod 0x000001610a936410
Event: 13.566 Thread 0x0000016106e6e8d0 flushing  nmethod 0x000001610a937290
Event: 13.566 Thread 0x0000016106e6e8d0 flushing  nmethod 0x000001610a937c90
Event: 13.566 Thread 0x0000016106e6e8d0 flushing  nmethod 0x000001610a93ad10
Event: 13.566 Thread 0x0000016106e6e8d0 flushing  nmethod 0x000001610a971010
Event: 13.566 Thread 0x0000016106e6e8d0 flushing  nmethod 0x000001610a984910
Event: 13.566 Thread 0x0000016106e6e8d0 flushing  nmethod 0x000001610a984f10
Event: 13.566 Thread 0x0000016106e6e8d0 flushing  nmethod 0x000001610a985790
Event: 13.566 Thread 0x0000016106e6e8d0 flushing  nmethod 0x000001610a987b10
Event: 13.566 Thread 0x0000016106e6e8d0 flushing  nmethod 0x000001610a98a110
Event: 13.566 Thread 0x0000016106e6e8d0 flushing  nmethod 0x000001610a995c90
Event: 13.566 Thread 0x0000016106e6e8d0 flushing  nmethod 0x000001610a9c2a90
Event: 13.566 Thread 0x0000016106e6e8d0 flushing  nmethod 0x000001610a9e1e10

Events (20 events):
Event: 8.093 Thread 0x00000161659db960 Thread added: 0x0000016168302980
Event: 8.095 Thread 0x0000016168302980 Thread added: 0x00000161682ffb90
Event: 8.095 Thread 0x00000161659db960 Thread added: 0x00000161683022f0
Event: 8.095 Thread 0x00000161683022f0 Thread added: 0x00000161683036a0
Event: 8.097 Thread 0x00000161683036a0 Thread added: 0x0000016168300f40
Event: 8.098 Thread 0x00000161682ffb90 Thread added: 0x0000016168303010
Event: 8.098 Thread 0x00000161683022f0 Thread added: 0x0000016168300220
Event: 8.153 Thread 0x00000161659d5d80 Thread added: 0x0000016168301c60
Event: 8.154 Thread 0x00000161659d5d80 Thread added: 0x0000016168303d30
Event: 8.155 Thread 0x00000161659d5d80 Thread added: 0x00000161683008b0
Event: 8.156 Thread 0x00000161659d5d80 Thread added: 0x0000016168305e00
Event: 8.157 Thread 0x00000161659d5d80 Thread added: 0x0000016168306490
Event: 8.161 Thread 0x00000161683008b0 Thread added: 0x00000161683071b0
Event: 10.261 Thread 0x00000161659d5d80 Thread added: 0x00000161683050e0
Event: 10.439 Thread 0x00000161659d5d80 Thread added: 0x0000016168305770
Event: 10.466 Thread 0x00000161659d5d80 Thread added: 0x0000016171052a50
Event: 10.467 Thread 0x00000161659d5d80 Thread added: 0x0000016171053e00
Event: 10.598 Thread 0x00000161659d5d80 Thread added: 0x0000016171053770
Event: 10.768 Thread 0x00000161659d5d80 Thread added: 0x00000161710551b0
Event: 10.788 Thread 0x00000161659d5d80 Thread added: 0x0000016171054490


Dynamic libraries:
0x00007ff6118d0000 - 0x00007ff6118de000 	c:\Users\abhis\.antigravity\extensions\redhat.java-1.54.0-win32-x64\jre\21.0.10-win32-x86_64\bin\java.exe
0x00007ff950de0000 - 0x00007ff951047000 	C:\WINDOWS\SYSTEM32\ntdll.dll
0x00007ff94fe10000 - 0x00007ff94fed9000 	C:\WINDOWS\System32\KERNEL32.DLL
0x00007ff94e6c0000 - 0x00007ff94eab4000 	C:\WINDOWS\System32\KERNELBASE.dll
0x00007ff94df20000 - 0x00007ff94e06b000 	C:\WINDOWS\System32\ucrtbase.dll
0x00007ff92a9f0000 - 0x00007ff92aa0e000 	c:\Users\abhis\.antigravity\extensions\redhat.java-1.54.0-win32-x64\jre\21.0.10-win32-x86_64\bin\VCRUNTIME140.dll
0x00007ff933e80000 - 0x00007ff933e98000 	c:\Users\abhis\.antigravity\extensions\redhat.java-1.54.0-win32-x64\jre\21.0.10-win32-x86_64\bin\jli.dll
0x00007ff950820000 - 0x00007ff9509e5000 	C:\WINDOWS\System32\USER32.dll
0x00007ff94e320000 - 0x00007ff94e347000 	C:\WINDOWS\System32\win32u.dll
0x00007ff94f950000 - 0x00007ff94f97b000 	C:\WINDOWS\System32\GDI32.dll
0x00007ff94e590000 - 0x00007ff94e6bb000 	C:\WINDOWS\System32\gdi32full.dll
0x00007ff93ccb0000 - 0x00007ff93cf43000 	C:\WINDOWS\WinSxS\amd64_microsoft.windows.common-controls_6595b64144ccf1df_6.0.26100.8115_none_3e075c82e3354f9c\COMCTL32.dll
0x00007ff94eac0000 - 0x00007ff94eb63000 	C:\WINDOWS\System32\msvcp_win.dll
0x00007ff950a40000 - 0x00007ff950ae9000 	C:\WINDOWS\System32\msvcrt.dll
0x00007ff950d60000 - 0x00007ff950d92000 	C:\WINDOWS\System32\IMM32.DLL
0x00007ff948360000 - 0x00007ff94836c000 	c:\Users\abhis\.antigravity\extensions\redhat.java-1.54.0-win32-x64\jre\21.0.10-win32-x86_64\bin\vcruntime140_1.dll
0x00007ff920e40000 - 0x00007ff920ecd000 	c:\Users\abhis\.antigravity\extensions\redhat.java-1.54.0-win32-x64\jre\21.0.10-win32-x86_64\bin\msvcp140.dll
0x00007ff890af0000 - 0x00007ff891891000 	c:\Users\abhis\.antigravity\extensions\redhat.java-1.54.0-win32-x64\jre\21.0.10-win32-x86_64\bin\server\jvm.dll
0x00007ff950760000 - 0x00007ff950816000 	C:\WINDOWS\System32\ADVAPI32.dll
0x00007ff950cb0000 - 0x00007ff950d57000 	C:\WINDOWS\System32\sechost.dll
0x00007ff950640000 - 0x00007ff950758000 	C:\WINDOWS\System32\RPCRT4.dll
0x00007ff950220000 - 0x00007ff9502a0000 	C:\WINDOWS\System32\WS2_32.dll
0x00007ff94c2d0000 - 0x00007ff94c32e000 	C:\WINDOWS\SYSTEM32\POWRPROF.dll
0x00007ff942080000 - 0x00007ff9420b6000 	C:\WINDOWS\SYSTEM32\WINMM.dll
0x00007ff946160000 - 0x00007ff94616b000 	C:\WINDOWS\SYSTEM32\VERSION.dll
0x00007ff94c2b0000 - 0x00007ff94c2c4000 	C:\WINDOWS\SYSTEM32\UMPDC.dll
0x00007ff94c560000 - 0x00007ff94c57b000 	C:\WINDOWS\SYSTEM32\kernel.appcore.dll
0x00007ff947160000 - 0x00007ff94716a000 	c:\Users\abhis\.antigravity\extensions\redhat.java-1.54.0-win32-x64\jre\21.0.10-win32-x86_64\bin\jimage.dll
0x00007ff9455b0000 - 0x00007ff9457f2000 	C:\WINDOWS\SYSTEM32\DBGHELP.DLL
0x00007ff9502b0000 - 0x00007ff950632000 	C:\WINDOWS\System32\combase.dll
0x00007ff950140000 - 0x00007ff950218000 	C:\WINDOWS\System32\OLEAUT32.dll
0x00007ff92b650000 - 0x00007ff92b68b000 	C:\WINDOWS\SYSTEM32\dbgcore.DLL
0x00007ff94e070000 - 0x00007ff94e115000 	C:\WINDOWS\System32\bcryptPrimitives.dll
0x00007ff93e210000 - 0x00007ff93e21f000 	c:\Users\abhis\.antigravity\extensions\redhat.java-1.54.0-win32-x64\jre\21.0.10-win32-x86_64\bin\instrument.dll
0x00007ff92a760000 - 0x00007ff92a780000 	c:\Users\abhis\.antigravity\extensions\redhat.java-1.54.0-win32-x64\jre\21.0.10-win32-x86_64\bin\java.dll
0x00007ff94f020000 - 0x00007ff94f787000 	C:\WINDOWS\System32\SHELL32.dll
0x00007ff94e120000 - 0x00007ff94e28a000 	C:\WINDOWS\System32\wintypes.dll
0x00007ff94d6b0000 - 0x00007ff94df18000 	C:\WINDOWS\System32\windows.storage.dll
0x00007ff94ec50000 - 0x00007ff94ed48000 	C:\WINDOWS\System32\SHCORE.dll
0x00007ff94efb0000 - 0x00007ff94f016000 	C:\WINDOWS\System32\shlwapi.dll
0x00007ff94d5d0000 - 0x00007ff94d5f9000 	C:\WINDOWS\SYSTEM32\profapi.dll
0x00007ff92a6d0000 - 0x00007ff92a6e8000 	c:\Users\abhis\.antigravity\extensions\redhat.java-1.54.0-win32-x64\jre\21.0.10-win32-x86_64\bin\zip.dll
0x00007ff93cf50000 - 0x00007ff93cf60000 	C:\Users\abhis\.antigravity\extensions\redhat.java-1.54.0-win32-x64\jre\21.0.10-win32-x86_64\bin\net.dll
0x00007ff947270000 - 0x00007ff94739d000 	C:\WINDOWS\SYSTEM32\WINHTTP.dll
0x00007ff94cad0000 - 0x00007ff94cb3c000 	C:\WINDOWS\system32\mswsock.dll
0x00007ff92a6b0000 - 0x00007ff92a6c6000 	C:\Users\abhis\.antigravity\extensions\redhat.java-1.54.0-win32-x64\jre\21.0.10-win32-x86_64\bin\nio.dll
0x00007ff93ad00000 - 0x00007ff93ad10000 	c:\Users\abhis\.antigravity\extensions\redhat.java-1.54.0-win32-x64\jre\21.0.10-win32-x86_64\bin\verify.dll
0x00007ff922750000 - 0x00007ff922795000 	C:\Users\abhis\AppData\Roaming\Antigravity\User\globalStorage\redhat.java\1.54.0\config_win\org.eclipse.equinox.launcher\org.eclipse.equinox.launcher.win32.win32.x86_64_1.3.0.v20260203-2149\eclipse_11919.dll
0x00007ff94ed60000 - 0x00007ff94eef7000 	C:\WINDOWS\System32\ole32.dll
0x00007ff94cdb0000 - 0x00007ff94cdcb000 	C:\WINDOWS\SYSTEM32\CRYPTSP.dll
0x00007ff94c4c0000 - 0x00007ff94c4f9000 	C:\WINDOWS\system32\rsaenh.dll
0x00007ff94cb80000 - 0x00007ff94cbb3000 	C:\WINDOWS\SYSTEM32\USERENV.dll
0x00007ff94d5a0000 - 0x00007ff94d5ca000 	C:\WINDOWS\SYSTEM32\bcrypt.dll
0x00007ff94cdd0000 - 0x00007ff94cddc000 	C:\WINDOWS\SYSTEM32\CRYPTBASE.dll
0x00007ff94beb0000 - 0x00007ff94bee2000 	C:\WINDOWS\SYSTEM32\IPHLPAPI.DLL
0x00007ff94ed50000 - 0x00007ff94ed5a000 	C:\WINDOWS\System32\NSI.dll
0x00007ff920df0000 - 0x00007ff920e39000 	C:\Users\abhis\AppData\Local\Temp\jna-92604369\jna14723343672013993275.dll
0x00007ff94efa0000 - 0x00007ff94efa8000 	C:\WINDOWS\System32\PSAPI.DLL
0x00007ff948590000 - 0x00007ff9485ad000 	C:\WINDOWS\SYSTEM32\dhcpcsvc6.DLL
0x00007ff948440000 - 0x00007ff948465000 	C:\WINDOWS\SYSTEM32\dhcpcsvc.DLL

JVMTI agents:
c:\Users\abhis\.antigravity\extensions\redhat.java-1.54.0-win32-x64\lombok\lombok-1.18.39-4050.jar path:c:\Users\abhis\.antigravity\extensions\redhat.java-1.54.0-win32-x64\jre\21.0.10-win32-x86_64\bin\instrument.dll, loaded, initialized, instrumentlib options:none

dbghelp: loaded successfully - version: 4.0.5 - missing functions: none
symbol engine: initialized successfully - sym options: 0x614 - pdb path: .;c:\Users\abhis\.antigravity\extensions\redhat.java-1.54.0-win32-x64\jre\21.0.10-win32-x86_64\bin;C:\WINDOWS\SYSTEM32;C:\WINDOWS\WinSxS\amd64_microsoft.windows.common-controls_6595b64144ccf1df_6.0.26100.8115_none_3e075c82e3354f9c;c:\Users\abhis\.antigravity\extensions\redhat.java-1.54.0-win32-x64\jre\21.0.10-win32-x86_64\bin\server;C:\Users\abhis\AppData\Roaming\Antigravity\User\globalStorage\redhat.java\1.54.0\config_win\org.eclipse.equinox.launcher\org.eclipse.equinox.launcher.win32.win32.x86_64_1.3.0.v20260203-2149;C:\Users\abhis\AppData\Local\Temp\jna-92604369

VM Arguments:
jvm_args: --add-modules=ALL-SYSTEM --add-opens=java.base/java.util=ALL-UNNAMED --add-opens=java.base/java.lang=ALL-UNNAMED --add-opens=java.base/sun.nio.fs=ALL-UNNAMED -Declipse.application=org.eclipse.jdt.ls.core.id1 -Dosgi.bundles.defaultStartLevel=4 -Declipse.product=org.eclipse.jdt.ls.core.product -Djava.import.generatesMetadataFilesAtProjectRoot=false -DDetectVMInstallationsJob.disabled=true -Dfile.encoding=utf8 -XX:+UseParallelGC -XX:GCTimeRatio=4 -XX:AdaptiveSizePolicyWeight=90 -Dsun.zip.disableMemoryMapping=true -Xmx2G -Xms100m -Xlog:disable -javaagent:c:\Users\abhis\.antigravity\extensions\redhat.java-1.54.0-win32-x64\lombok\lombok-1.18.39-4050.jar -XX:+HeapDumpOnOutOfMemoryError -XX:HeapDumpPath=c:\Users\abhis\AppData\Roaming\Antigravity\User\workspaceStorage\0e0c30692e2e3a5435a32849b053a86d\redhat.java -Daether.dependencyCollector.impl=bf 
java_command: c:\Users\abhis\.antigravity\extensions\redhat.java-1.54.0-win32-x64\server\plugins\org.eclipse.equinox.launcher_1.7.100.v20251111-0406.jar -configuration c:\Users\abhis\AppData\Roaming\Antigravity\User\globalStorage\redhat.java\1.54.0\config_win -data c:\Users\abhis\AppData\Roaming\Antigravity\User\workspaceStorage\0e0c30692e2e3a5435a32849b053a86d\redhat.java\jdt_ws --pipe=\\.\pipe\lsp-281d51b43252531e36d95a8693bfe6bf-sock
java_class_path (initial): c:\Users\abhis\.antigravity\extensions\redhat.java-1.54.0-win32-x64\server\plugins\org.eclipse.equinox.launcher_1.7.100.v20251111-0406.jar
Launcher Type: SUN_STANDARD

[Global flags]
    uintx AdaptiveSizePolicyWeight                 = 90                                        {product} {command line}
     intx CICompilerCount                          = 4                                         {product} {ergonomic}
    uintx GCTimeRatio                              = 4                                         {product} {command line}
     bool HeapDumpOnOutOfMemoryError               = true                                   {manageable} {command line}
    ccstr HeapDumpPath                             = c:\Users\abhis\AppData\Roaming\Antigravity\User\workspaceStorage\0e0c30692e2e3a5435a32849b053a86d\redhat.java         {manageable} {command line}
   size_t InitialHeapSize                          = 104857600                                 {product} {command line}
   size_t MaxHeapSize                              = 2147483648                                {product} {command line}
   size_t MaxNewSize                               = 715653120                                 {product} {ergonomic}
   size_t MinHeapDeltaBytes                        = 524288                                    {product} {ergonomic}
   size_t MinHeapSize                              = 104857600                                 {product} {command line}
   size_t NewSize                                  = 34603008                                  {product} {ergonomic}
    uintx NonNMethodCodeHeapSize                   = 5839372                                {pd product} {ergonomic}
    uintx NonProfiledCodeHeapSize                  = 122909434                              {pd product} {ergonomic}
   size_t OldSize                                  = 70254592                                  {product} {ergonomic}
    uintx ProfiledCodeHeapSize                     = 122909434                              {pd product} {ergonomic}
    uintx ReservedCodeCacheSize                    = 251658240                              {pd product} {ergonomic}
     bool SegmentedCodeCache                       = true                                      {product} {ergonomic}
   size_t SoftMaxHeapSize                          = 2147483648                             {manageable} {ergonomic}
     bool UseCompressedOops                        = true                           {product lp64_product} {ergonomic}
     bool UseLargePagesIndividualAllocation        = false                                  {pd product} {ergonomic}
     bool UseParallelGC                            = true                                      {product} {command line}

Logging:
Log output configuration:
 #0: stdout all=off uptime,level,tags foldmultilines=false
 #1: stderr all=off uptime,level,tags foldmultilines=false

Release file:
JAVA_VERSION="21.0.10" 
MODULES="java.base java.compiler java.datatransfer java.xml java.prefs java.desktop java.instrument java.logging java.management java.security.sasl java.naming java.rmi java.management.rmi java.net.http java.scripting java.security.jgss java.transaction.xa java.sql java.sql.rowset java.xml.crypto java.se java.smartcardio jdk.accessibility jdk.internal.jvmstat jdk.attach jdk.charsets jdk.internal.opt jdk.zipfs jdk.compiler jdk.crypto.ec jdk.crypto.cryptoki jdk.crypto.mscapi jdk.dynalink jdk.internal.ed jdk.editpad jdk.hotspot.agent jdk.httpserver jdk.internal.le jdk.internal.vm.ci jdk.internal.vm.compiler jdk.internal.vm.compiler.management jdk.jartool jdk.javadoc jdk.jcmd jdk.management jdk.management.agent jdk.jconsole jdk.jdeps jdk.jdwp.agent jdk.jdi jdk.jfr jdk.jshell jdk.jsobject jdk.jstatd jdk.localedata jdk.management.jfr jdk.naming.dns jdk.naming.rmi jdk.net jdk.nio.mapmode jdk.random jdk.sctp jdk.security.auth jdk.security.jgss jdk.unsupported jdk.unsupported.desktop jdk.xml.dom" 

Environment Variables:
JAVA_HOME=C:\Program Files\Java\jdk-21.0.10
PATH=C:\Program Files\Common Files\Oracle\Java\javapath;C:\WINDOWS\system32;C:\WINDOWS;C:\WINDOWS\System32\Wbem;C:\WINDOWS\System32\WindowsPowerShell\v1.0\;C:\WINDOWS\System32\OpenSSH\;C:\Program Files\Git\cmd;C:\Program Files\Java\jdk-17\bin;C:\Program Files\nodejs;C:\Program Files\PostgreSQL\17\bin;C:\Program Files\Java\jdk-21.0.10\bin;C:\Program Files\MySQL\MySQL Shell 8.0\bin\;C:\Users\abhis\AppData\Local\Microsoft\WindowsApps;C:\Users\abhis\AppData\Local\Programs\Microsoft VS Code\bin;C:\Program Files\apache-maven-3.9.12\bin;C:\Users\abhis\AppData\Local\Programs\IntelliJ IDEA 2025.3.3\bin;C:\Users\abhis\AppData\Local\Programs\Antigravity\bin;C:\Users\abhis\AppData\Local\Python\bin;C:\Users\abhis\.lmstudio\bin
USERNAME=abhis
OS=Windows_NT
PROCESSOR_IDENTIFIER=AMD64 Family 23 Model 160 Stepping 0, AuthenticAMD
TMP=C:\Users\abhis\AppData\Local\Temp
TEMP=C:\Users\abhis\AppData\Local\Temp




Periodic native trim disabled

---------------  S Y S T E M  ---------------

OS:
 Windows 11 , 64 bit Build 26100 (10.0.26100.8246)
OS uptime: 0 days 22:26 hours

CPU: total 8 (initial active 8) (8 cores per cpu, 2 threads per core) family 23 model 160 stepping 0 microcode 0x8a00006, cx8, cmov, fxsr, ht, mmx, 3dnowpref, sse, sse2, sse3, ssse3, sse4a, sse4.1, sse4.2, popcnt, lzcnt, tsc, tscinvbit, avx, avx2, aes, clmul, bmi1, bmi2, adx, sha, fma, vzeroupper, clflush, clflushopt, rdtscp, rdpid, f16c
Processor Information for processor 0
  Max Mhz: 2401, Current Mhz: 2401, Mhz Limit: 2401
Processor Information for processor 1
  Max Mhz: 2401, Current Mhz: 2401, Mhz Limit: 2401
Processor Information for processor 2
  Max Mhz: 2401, Current Mhz: 2401, Mhz Limit: 2401
Processor Information for processor 3
  Max Mhz: 2401, Current Mhz: 2401, Mhz Limit: 2401
Processor Information for processor 4
  Max Mhz: 2401, Current Mhz: 2401, Mhz Limit: 2401
Processor Information for processor 5
  Max Mhz: 2401, Current Mhz: 2000, Mhz Limit: 2401
Processor Information for processor 6
  Max Mhz: 2401, Current Mhz: 2401, Mhz Limit: 2401
Processor Information for processor 7
  Max Mhz: 2401, Current Mhz: 2401, Mhz Limit: 2401

Memory: 4k page, system-wide physical 7455M (870M free)
TotalPageFile size 20211M (AvailPageFile size 8M)
current process WorkingSet (physical memory assigned to process): 424M, peak: 424M
current process commit charge ("private bytes"): 460M, peak: 462M

vm_info: OpenJDK 64-Bit Server VM (21.0.10+7-LTS) for windows-amd64 JRE (21.0.10+7-LTS), built on 2026-01-20T00:00:00Z by "admin" with MS VC++ 17.12 (VS2022)

END.
